100.08.19 19:54 A F:\xslt\utilities\markup.html --> www.jenitennison.com /www.jenitennison.com/public_html/xslt/utilities markup.html
100.08.19 19:54 A F:\xslt\utilities\markup.xml --> www.jenitennison.com /www.jenitennison.com/public_html/xslt/utilities markup.xml
100.08.19 19:54 B F:\xslt\utilities\markup.xml.$$$ --> www.jenitennison.com /www.jenitennison.com/public_html/xslt/utilities markup.xml.$$$
100.08.19 19:54 A F:\xslt\utilities\markup.xsl --> www.jenitennison.com /www.jenitennison.com/public_html/xslt/utilities markup.xsl
100.08.19 19:54 B F:\xslt\utilities\markup.xsl.$$$ --> www.jenitennison.com /www.jenitennison.com/public_html/xslt/utilities markup.xsl.$$$
100.08.20 17:09 A F:\xslt\utilities\index.html --> www.jenitennison.com /www.jenitennison.com/public_html/xslt/utilities index.html
100.08.20 17:09 A F:\xslt\utilities\index.xml --> www.jenitennison.com /www.jenitennison.com/public_html/xslt/utilities index.xml
100.08.20 17:09 A F:\xslt\utilities\markup-example.html --> www.jenitennison.com /www.jenitennison.com/public_html/xslt/utilities markup-example.html
100.08.20 17:09 A F:\xslt\utilities\markup-example.xml --> www.jenitennison.com /www.jenitennison.com/public_html/xslt/utilities markup-example.xml
100.08.20 17:09 A F:\xslt\utilities\markup-explanation.html --> www.jenitennison.com /www.jenitennison.com/public_html/xslt/utilities markup-explanation.html
100.08.20 17:09 A F:\xslt\utilities\markup-explanation.xml --> www.jenitennison.com /www.jenitennison.com/public_html/xslt/utilities markup-explanation.xml
100.08.20 17:09 A F:\xslt\utilities\markup.html --> www.jenitennison.com /www.jenitennison.com/public_html/xslt/utilities markup.html
100.08.20 17:09 A F:\xslt\utilities\markup.xml --> www.jenitennison.com /www.jenitennison.com/public_html/xslt/utilities markup.xml
100.11.02 18:44 A F:\xslt\utilities\functions.xml --> www.jenitennison.com /www.jenitennison.com/public_html/xslt/utilities functions.xml
100.11.02 18:44 A F:\xslt\utilities\functions.xsl --> www.jenitennison.com /www.jenitennison.com/public_html/xslt/utilities functions.xsl
100.11.02 18:45 A F:\xslt\utilities\index.html --> www.jenitennison.com /www.jenitennison.com/public_html/xslt/utilities index.html
100.11.02 18:45 A F:\xslt\utilities\index.xml --> www.jenitennison.com /www.jenitennison.com/public_html/xslt/utilities index.xml
100.11.02 18:45 A F:\xslt\utilities\markup-example.html --> www.jenitennison.com /www.jenitennison.com/public_html/xslt/utilities markup-example.html
100.11.02 18:45 A F:\xslt\utilities\markup-example.xml --> www.jenitennison.com /www.jenitennison.com/public_html/xslt/utilities markup-example.xml
100.11.02 18:45 A F:\xslt\utilities\markup-explanation.html --> www.jenitennison.com /www.jenitennison.com/public_html/xslt/utilities markup-explanation.html
100.11.02 18:45 A F:\xslt\utilities\markup-explanation.xml --> www.jenitennison.com /www.jenitennison.com/public_html/xslt/utilities markup-explanation.xml
100.11.02 18:45 A F:\xslt\utilities\markup.html --> www.jenitennison.com /www.jenitennison.com/public_html/xslt/utilities markup.html
100.11.02 18:45 A F:\xslt\utilities\markup.xml --> www.jenitennison.com /www.jenitennison.com/public_html/xslt/utilities markup.xml
100.11.02 18:45 A F:\xslt\utilities\markup.xsl --> www.jenitennison.com /www.jenitennison.com/public_html/xslt/utilities markup.xsl
100.11.02 18:45 A F:\xslt\utilities\paramDoc.html --> www.jenitennison.com /www.jenitennison.com/public_html/xslt/utilities paramDoc.html
100.11.02 18:45 A F:\xslt\utilities\paramDoc.xml --> www.jenitennison.com /www.jenitennison.com/public_html/xslt/utilities paramDoc.xml
100.11.02 18:45 A F:\xslt\utilities\selectParameters-example.html --> www.jenitennison.com /www.jenitennison.com/public_html/xslt/utilities selectParameters-example.html
100.11.02 18:45 A F:\xslt\utilities\selectParameters-example.xml --> www.jenitennison.com /www.jenitennison.com/public_html/xslt/utilities selectParameters-example.xml
100.11.02 18:45 A F:\xslt\utilities\selectParameters-explanation.html --> www.jenitennison.com /www.jenitennison.com/public_html/xslt/utilities selectParameters-explanation.html
100.11.02 18:45 A F:\xslt\utilities\selectParameters-explanation.xml --> www.jenitennison.com /www.jenitennison.com/public_html/xslt/utilities selectParameters-explanation.xml
100.11.02 18:45 A F:\xslt\utilities\selectParameters.html --> www.jenitennison.com /www.jenitennison.com/public_html/xslt/utilities selectParameters.html
100.11.02 18:45 A F:\xslt\utilities\selectParameters.xml --> www.jenitennison.com /www.jenitennison.com/public_html/xslt/utilities selectParameters.xml
100.11.02 18:45 A F:\xslt\utilities\selectParameters.xsl --> www.jenitennison.com /www.jenitennison.com/public_html/xslt/utilities selectParameters.xsl
100.11.02 18:45 B F:\xslt\utilities\WS_FTP.LOG --> www.jenitennison.com /www.jenitennison.com/public_html/xslt/utilities WS_FTP.LOG
100.11.02 18:58 A F:\xslt\utilities\functions.xml --> www.jenitennison.com /www.jenitennison.com/public_html/xslt/utilities functions.xml
100.11.02 18:58 A F:\xslt\utilities\functions.xsl --> www.jenitennison.com /www.jenitennison.com/public_html/xslt/utilities functions.xsl
100.11.02 18:58 A F:\xslt\utilities\index.html --> www.jenitennison.com /www.jenitennison.com/public_html/xslt/utilities index.html
100.11.02 18:58 A F:\xslt\utilities\index.xml --> www.jenitennison.com /www.jenitennison.com/public_html/xslt/utilities index.xml
100.11.02 18:58 A F:\xslt\utilities\markup-example.html --> www.jenitennison.com /www.jenitennison.com/public_html/xslt/utilities markup-example.html
100.11.02 18:58 A F:\xslt\utilities\markup-example.xml --> www.jenitennison.com /www.jenitennison.com/public_html/xslt/utilities markup-example.xml
100.11.02 18:58 A F:\xslt\utilities\markup-explanation.html --> www.jenitennison.com /www.jenitennison.com/public_html/xslt/utilities markup-explanation.html
100.11.02 18:58 A F:\xslt\utilities\markup-explanation.xml --> www.jenitennison.com /www.jenitennison.com/public_html/xslt/utilities markup-explanation.xml
100.11.02 18:58 A F:\xslt\utilities\markup.html --> www.jenitennison.com /www.jenitennison.com/public_html/xslt/utilities markup.html
100.11.02 18:58 A F:\xslt\utilities\markup.xml --> www.jenitennison.com /www.jenitennison.com/public_html/xslt/utilities markup.xml
100.11.02 18:58 A F:\xslt\utilities\markup.xsl --> www.jenitennison.com /www.jenitennison.com/public_html/xslt/utilities markup.xsl
100.11.02 18:58 A F:\xslt\utilities\paramDoc.html --> www.jenitennison.com /www.jenitennison.com/public_html/xslt/utilities paramDoc.html
100.11.02 18:58 A F:\xslt\utilities\paramDoc.xml --> www.jenitennison.com /www.jenitennison.com/public_html/xslt/utilities paramDoc.xml
100.11.02 18:58 A F:\xslt\utilities\selectParameters-example.html --> www.jenitennison.com /www.jenitennison.com/public_html/xslt/utilities selectParameters-example.html
100.11.02 18:58 A F:\xslt\utilities\selectParameters-example.xml --> www.jenitennison.com /www.jenitennison.com/public_html/xslt/utilities selectParameters-example.xml
100.11.02 18:59 A F:\xslt\utilities\selectParameters-explanation.html --> www.jenitennison.com /www.jenitennison.com/public_html/xslt/utilities selectParameters-explanation.html
100.11.02 18:59 A F:\xslt\utilities\selectParameters-explanation.xml --> www.jenitennison.com /www.jenitennison.com/public_html/xslt/utilities selectParameters-explanation.xml
100.11.02 18:59 A F:\xslt\utilities\selectParameters.html --> www.jenitennison.com /www.jenitennison.com/public_html/xslt/utilities selectParameters.html
100.11.02 18:59 A F:\xslt\utilities\selectParameters.xml --> www.jenitennison.com /www.jenitennison.com/public_html/xslt/utilities selectParameters.xml
100.11.02 18:59 A F:\xslt\utilities\selectParameters.xsl --> www.jenitennison.com /www.jenitennison.com/public_html/xslt/utilities selectParameters.xsl
