100.08.07 22:10 B e:\www\resources\icons\base-goto.gif --> www.friday.u-net.com /obscure/resources/icons base-goto.gif
100.08.07 22:10 B e:\www\resources\icons\base-mail.gif --> www.friday.u-net.com /obscure/resources/icons base-mail.gif
100.08.07 22:10 B e:\www\resources\icons\base.gif --> www.friday.u-net.com /obscure/resources/icons base.gif
100.08.07 22:10 B e:\www\resources\icons\click-goto.gif --> www.friday.u-net.com /obscure/resources/icons click-goto.gif
100.08.07 22:10 B e:\www\resources\icons\click-home.gif --> www.friday.u-net.com /obscure/resources/icons click-home.gif
100.08.07 22:10 B e:\www\resources\icons\click-mail.gif --> www.friday.u-net.com /obscure/resources/icons click-mail.gif
100.08.07 22:10 B e:\www\resources\icons\click-question.gif --> www.friday.u-net.com /obscure/resources/icons click-question.gif
100.08.07 22:10 B e:\www\resources\icons\goto.gif --> www.friday.u-net.com /obscure/resources/icons goto.gif
100.08.07 22:10 B e:\www\resources\icons\home.gif --> www.friday.u-net.com /obscure/resources/icons home.gif
100.08.07 22:10 B e:\www\resources\icons\mail.gif --> www.friday.u-net.com /obscure/resources/icons mail.gif
100.08.07 22:10 B e:\www\resources\icons\ngoto.gif --> www.friday.u-net.com /obscure/resources/icons ngoto.gif
100.08.07 22:10 B e:\www\resources\icons\note.gif --> www.friday.u-net.com /obscure/resources/icons note.gif
100.08.07 22:10 B e:\www\resources\icons\note2.gif --> www.friday.u-net.com /obscure/resources/icons note2.gif
100.08.07 22:10 B e:\www\resources\icons\over-goto.gif --> www.friday.u-net.com /obscure/resources/icons over-goto.gif
100.08.07 22:10 B e:\www\resources\icons\over-home.gif --> www.friday.u-net.com /obscure/resources/icons over-home.gif
100.08.07 22:10 B e:\www\resources\icons\over-mail.gif --> www.friday.u-net.com /obscure/resources/icons over-mail.gif
100.08.07 22:10 B e:\www\resources\icons\over-question.gif --> www.friday.u-net.com /obscure/resources/icons over-question.gif
100.08.07 22:10 B e:\www\resources\icons\question.gif --> www.friday.u-net.com /obscure/resources/icons question.gif
100.08.07 22:10 B e:\www\resources\icons\Sav34.tmp --> www.friday.u-net.com /obscure/resources/icons Sav34.tmp
100.08.07 22:10 B e:\www\resources\icons\test.gif --> www.friday.u-net.com /obscure/resources/icons test.gif
100.08.07 22:10 B e:\www\resources\icons\up.gif --> www.friday.u-net.com /obscure/resources/icons up.gif
100.08.08 18:23 B F:\resources\icons\click-goto.gif --> www.friday.u-net.com /resources/icons click-goto.gif
100.08.08 18:23 B F:\resources\icons\click-home.gif --> www.friday.u-net.com /resources/icons click-home.gif
100.08.08 18:23 B F:\resources\icons\click-mail.gif --> www.friday.u-net.com /resources/icons click-mail.gif
100.08.08 18:23 B F:\resources\icons\click-question.gif --> www.friday.u-net.com /resources/icons click-question.gif
100.08.08 18:23 B F:\resources\icons\goto.gif --> www.friday.u-net.com /resources/icons goto.gif
100.08.08 18:23 B F:\resources\icons\home.gif --> www.friday.u-net.com /resources/icons home.gif
100.08.08 18:23 B F:\resources\icons\mail.gif --> www.friday.u-net.com /resources/icons mail.gif
100.08.08 18:23 B F:\resources\icons\note.gif --> www.friday.u-net.com /resources/icons note.gif
100.08.08 18:23 B F:\resources\icons\over-goto.gif --> www.friday.u-net.com /resources/icons over-goto.gif
100.08.08 18:23 B F:\resources\icons\over-home.gif --> www.friday.u-net.com /resources/icons over-home.gif
100.08.08 18:23 B F:\resources\icons\over-mail.gif --> www.friday.u-net.com /resources/icons over-mail.gif
100.08.08 18:23 B F:\resources\icons\over-question.gif --> www.friday.u-net.com /resources/icons over-question.gif
100.08.08 18:23 B F:\resources\icons\question.gif --> www.friday.u-net.com /resources/icons question.gif
100.08.08 18:23 B F:\resources\icons\up.gif --> www.friday.u-net.com /resources/icons up.gif
100.08.10 23:24 B F:\resources\icons\base-goto.gif --> ftp.jenitennison.com /home/306/jeni/www.jenitennison.com/public_html/resources/icons base-goto.gif
100.08.10 23:24 B F:\resources\icons\base-mail.gif --> ftp.jenitennison.com /home/306/jeni/www.jenitennison.com/public_html/resources/icons base-mail.gif
100.08.10 23:24 B F:\resources\icons\base.gif --> ftp.jenitennison.com /home/306/jeni/www.jenitennison.com/public_html/resources/icons base.gif
100.08.10 23:24 B F:\resources\icons\click-goto.gif --> ftp.jenitennison.com /home/306/jeni/www.jenitennison.com/public_html/resources/icons click-goto.gif
100.08.10 23:24 B F:\resources\icons\click-home.gif --> ftp.jenitennison.com /home/306/jeni/www.jenitennison.com/public_html/resources/icons click-home.gif
100.08.10 23:24 B F:\resources\icons\click-mail.gif --> ftp.jenitennison.com /home/306/jeni/www.jenitennison.com/public_html/resources/icons click-mail.gif
100.08.10 23:24 B F:\resources\icons\click-question.gif --> ftp.jenitennison.com /home/306/jeni/www.jenitennison.com/public_html/resources/icons click-question.gif
100.08.10 23:24 B F:\resources\icons\goto.gif --> ftp.jenitennison.com /home/306/jeni/www.jenitennison.com/public_html/resources/icons goto.gif
100.08.10 23:24 B F:\resources\icons\home.gif --> ftp.jenitennison.com /home/306/jeni/www.jenitennison.com/public_html/resources/icons home.gif
100.08.10 23:24 B F:\resources\icons\mail.gif --> ftp.jenitennison.com /home/306/jeni/www.jenitennison.com/public_html/resources/icons mail.gif
100.08.10 23:24 B F:\resources\icons\ngoto.gif --> ftp.jenitennison.com /home/306/jeni/www.jenitennison.com/public_html/resources/icons ngoto.gif
100.08.10 23:24 B F:\resources\icons\note.gif --> ftp.jenitennison.com /home/306/jeni/www.jenitennison.com/public_html/resources/icons note.gif
100.08.10 23:24 B F:\resources\icons\note2.gif --> ftp.jenitennison.com /home/306/jeni/www.jenitennison.com/public_html/resources/icons note2.gif
100.08.10 23:24 B F:\resources\icons\over-goto.gif --> ftp.jenitennison.com /home/306/jeni/www.jenitennison.com/public_html/resources/icons over-goto.gif
100.08.10 23:24 B F:\resources\icons\over-home.gif --> ftp.jenitennison.com /home/306/jeni/www.jenitennison.com/public_html/resources/icons over-home.gif
100.08.10 23:24 B F:\resources\icons\over-mail.gif --> ftp.jenitennison.com /home/306/jeni/www.jenitennison.com/public_html/resources/icons over-mail.gif
100.08.10 23:24 B F:\resources\icons\over-question.gif --> ftp.jenitennison.com /home/306/jeni/www.jenitennison.com/public_html/resources/icons over-question.gif
100.08.10 23:24 B F:\resources\icons\question.gif --> ftp.jenitennison.com /home/306/jeni/www.jenitennison.com/public_html/resources/icons question.gif
100.08.10 23:24 B F:\resources\icons\Sav34.tmp --> ftp.jenitennison.com /home/306/jeni/www.jenitennison.com/public_html/resources/icons Sav34.tmp
100.08.10 23:24 B F:\resources\icons\test.gif --> ftp.jenitennison.com /home/306/jeni/www.jenitennison.com/public_html/resources/icons test.gif
100.08.10 23:24 B F:\resources\icons\up.gif --> ftp.jenitennison.com /home/306/jeni/www.jenitennison.com/public_html/resources/icons up.gif
100.08.10 23:24 B F:\resources\icons\WS_FTP.LOG --> ftp.jenitennison.com /home/306/jeni/www.jenitennison.com/public_html/resources/icons WS_FTP.LOG
100.08.11 01:02 B F:\resources\icons\top.gif --> www.jenitennison.com /home/306/jeni/www.jenitennison.com/public_html/resources/icons top.gif
100.08.11 01:02 B F:\resources\icons\up.gif --> www.jenitennison.com /home/306/jeni/www.jenitennison.com/public_html/resources/icons up.gif
100.08.11 20:33 B F:\resources\icons\click-goto.gif --> www.jenitennison.com /home/306/jeni/www.jenitennison.com/public_html/resources/icons click-goto.gif
100.08.11 20:33 B F:\resources\icons\click-home.gif --> www.jenitennison.com /home/306/jeni/www.jenitennison.com/public_html/resources/icons click-home.gif
100.08.11 20:33 B F:\resources\icons\click-mail.gif --> www.jenitennison.com /home/306/jeni/www.jenitennison.com/public_html/resources/icons click-mail.gif
100.08.11 20:33 B F:\resources\icons\click-question.gif --> www.jenitennison.com /home/306/jeni/www.jenitennison.com/public_html/resources/icons click-question.gif
100.08.11 20:33 B F:\resources\icons\goto.gif --> www.jenitennison.com /home/306/jeni/www.jenitennison.com/public_html/resources/icons goto.gif
100.08.11 20:33 B F:\resources\icons\home.gif --> www.jenitennison.com /home/306/jeni/www.jenitennison.com/public_html/resources/icons home.gif
100.08.11 20:33 B F:\resources\icons\mail.gif --> www.jenitennison.com /home/306/jeni/www.jenitennison.com/public_html/resources/icons mail.gif
100.08.11 20:33 B F:\resources\icons\note.gif --> www.jenitennison.com /home/306/jeni/www.jenitennison.com/public_html/resources/icons note.gif
100.08.11 20:33 B F:\resources\icons\note2.gif --> www.jenitennison.com /home/306/jeni/www.jenitennison.com/public_html/resources/icons note2.gif
100.08.11 20:34 B F:\resources\icons\over-goto.gif --> www.jenitennison.com /home/306/jeni/www.jenitennison.com/public_html/resources/icons over-goto.gif
100.08.11 20:34 B F:\resources\icons\over-home.gif --> www.jenitennison.com /home/306/jeni/www.jenitennison.com/public_html/resources/icons over-home.gif
100.08.11 20:34 B F:\resources\icons\over-mail.gif --> www.jenitennison.com /home/306/jeni/www.jenitennison.com/public_html/resources/icons over-mail.gif
100.08.11 20:34 B F:\resources\icons\over-question.gif --> www.jenitennison.com /home/306/jeni/www.jenitennison.com/public_html/resources/icons over-question.gif
100.08.11 20:34 B F:\resources\icons\question.gif --> www.jenitennison.com /home/306/jeni/www.jenitennison.com/public_html/resources/icons question.gif
100.08.11 20:34 B F:\resources\icons\Sav34.tmp --> www.jenitennison.com /home/306/jeni/www.jenitennison.com/public_html/resources/icons Sav34.tmp
100.08.11 20:34 B F:\resources\icons\top.gif --> www.jenitennison.com /home/306/jeni/www.jenitennison.com/public_html/resources/icons top.gif
100.08.11 20:34 B F:\resources\icons\up.gif --> www.jenitennison.com /home/306/jeni/www.jenitennison.com/public_html/resources/icons up.gif
100.08.11 20:34 B F:\resources\icons\WS_FTP.LOG --> www.jenitennison.com /home/306/jeni/www.jenitennison.com/public_html/resources/icons WS_FTP.LOG
100.11.02 18:43 B F:\resources\icons\click-goto.gif --> www.jenitennison.com /www.jenitennison.com/public_html/resources/icons click-goto.gif
100.11.02 18:43 B F:\resources\icons\click-home.gif --> www.jenitennison.com /www.jenitennison.com/public_html/resources/icons click-home.gif
100.11.02 18:43 B F:\resources\icons\click-mail.gif --> www.jenitennison.com /www.jenitennison.com/public_html/resources/icons click-mail.gif
100.11.02 18:43 B F:\resources\icons\click-question.gif --> www.jenitennison.com /www.jenitennison.com/public_html/resources/icons click-question.gif
100.11.02 18:43 B F:\resources\icons\goto.gif --> www.jenitennison.com /www.jenitennison.com/public_html/resources/icons goto.gif
100.11.02 18:43 B F:\resources\icons\home.gif --> www.jenitennison.com /www.jenitennison.com/public_html/resources/icons home.gif
100.11.02 18:43 B F:\resources\icons\mail.gif --> www.jenitennison.com /www.jenitennison.com/public_html/resources/icons mail.gif
100.11.02 18:43 B F:\resources\icons\note.gif --> www.jenitennison.com /www.jenitennison.com/public_html/resources/icons note.gif
100.11.02 18:43 B F:\resources\icons\note2.gif --> www.jenitennison.com /www.jenitennison.com/public_html/resources/icons note2.gif
100.11.02 18:43 B F:\resources\icons\over-goto.gif --> www.jenitennison.com /www.jenitennison.com/public_html/resources/icons over-goto.gif
100.11.02 18:43 B F:\resources\icons\over-home.gif --> www.jenitennison.com /www.jenitennison.com/public_html/resources/icons over-home.gif
100.11.02 18:43 B F:\resources\icons\over-mail.gif --> www.jenitennison.com /www.jenitennison.com/public_html/resources/icons over-mail.gif
100.11.02 18:43 B F:\resources\icons\over-question.gif --> www.jenitennison.com /www.jenitennison.com/public_html/resources/icons over-question.gif
100.11.02 18:43 B F:\resources\icons\question.gif --> www.jenitennison.com /www.jenitennison.com/public_html/resources/icons question.gif
100.11.02 18:43 B F:\resources\icons\Sav34.tmp --> www.jenitennison.com /www.jenitennison.com/public_html/resources/icons Sav34.tmp
100.11.02 18:43 B F:\resources\icons\small-xml-logo.gif --> www.jenitennison.com /www.jenitennison.com/public_html/resources/icons small-xml-logo.gif
100.11.02 18:43 B F:\resources\icons\small-xslt-logo.gif --> www.jenitennison.com /www.jenitennison.com/public_html/resources/icons small-xslt-logo.gif
100.11.02 18:43 B F:\resources\icons\top.gif --> www.jenitennison.com /www.jenitennison.com/public_html/resources/icons top.gif
100.11.02 18:43 B F:\resources\icons\up.gif --> www.jenitennison.com /www.jenitennison.com/public_html/resources/icons up.gif
