100.08.07 22:10 B e:\www\xslt\associating.html --> www.friday.u-net.com /obscure/xslt associating.html
100.08.07 22:10 B e:\www\xslt\associating.xml --> www.friday.u-net.com /obscure/xslt associating.xml
100.08.07 22:11 B e:\www\xslt\index.html --> www.friday.u-net.com /obscure/xslt index.html
100.08.07 22:11 B e:\www\xslt\index.xml --> www.friday.u-net.com /obscure/xslt index.xml
100.08.07 22:31 B e:\www\xslt\associating.xml --> www.friday.u-net.com /obscure/xslt associating.xml
100.08.07 22:31 B e:\www\xslt\index.xml --> www.friday.u-net.com /obscure/xslt index.xml
100.08.07 22:38 B e:\www\xslt\associating.xml --> www.friday.u-net.com /obscure/xslt associating.xml
100.08.07 22:38 B e:\www\xslt\index.xml --> www.friday.u-net.com /obscure/xslt index.xml
100.08.07 22:48 A e:\www\xslt\associating.xml --> www.friday.u-net.com /obscure/xslt associating.xml
100.08.07 22:48 A e:\www\xslt\index.xml --> www.friday.u-net.com /obscure/xslt index.xml
100.08.09 23:50 A F:\xslt\associating.xml --> www.friday.u-net.com /xslt associating.xml
100.08.09 23:50 A F:\xslt\comparing-docs.xml --> www.friday.u-net.com /xslt comparing-docs.xml
100.08.09 23:50 A F:\xslt\conditions.xml --> www.friday.u-net.com /xslt conditions.xml
100.08.09 23:50 A F:\xslt\copying.xml --> www.friday.u-net.com /xslt copying.xml
100.08.09 23:50 A F:\xslt\debugging.xml --> www.friday.u-net.com /xslt debugging.xml
100.08.09 23:50 A F:\xslt\document.xml --> www.friday.u-net.com /xslt document.xml
100.08.09 23:50 A F:\xslt\documentation.xml --> www.friday.u-net.com /xslt documentation.xml
100.08.09 23:50 A F:\xslt\elements.xml --> www.friday.u-net.com /xslt elements.xml
100.08.09 23:50 A F:\xslt\escaping.xml --> www.friday.u-net.com /xslt escaping.xml
100.08.09 23:50 A F:\xslt\grouping.xml --> www.friday.u-net.com /xslt grouping.xml
100.08.09 23:50 A F:\xslt\hierarchies-in.xml --> www.friday.u-net.com /xslt hierarchies-in.xml
100.08.09 23:50 A F:\xslt\hierarchies-out.xml --> www.friday.u-net.com /xslt hierarchies-out.xml
100.08.09 23:50 A F:\xslt\index.html --> www.friday.u-net.com /xslt index.html
100.08.09 23:50 A F:\xslt\index.xml --> www.friday.u-net.com /xslt index.xml
100.08.09 23:50 A F:\xslt\keys.xml --> www.friday.u-net.com /xslt keys.xml
100.08.09 23:50 A F:\xslt\merging-docs.xml --> www.friday.u-net.com /xslt merging-docs.xml
100.08.09 23:50 A F:\xslt\merging-XSLT.xml --> www.friday.u-net.com /xslt merging-XSLT.xml
100.08.09 23:50 A F:\xslt\namespaces.xml --> www.friday.u-net.com /xslt namespaces.xml
100.08.09 23:50 A F:\xslt\number.xml --> www.friday.u-net.com /xslt number.xml
100.08.09 23:50 A F:\xslt\performance.xml --> www.friday.u-net.com /xslt performance.xml
100.08.09 23:50 A F:\xslt\processing.xml --> www.friday.u-net.com /xslt processing.xml
100.08.09 23:52 A F:\xslt\associating.xml --> www.friday.u-net.com /xslt associating.xml
100.08.09 23:52 A F:\xslt\processing.xml --> www.friday.u-net.com /xslt processing.xml
100.08.10 23:23 A F:\xslt\cv.xml --> ftp.jenitennison.com /home/306/jeni/www.jenitennison.com/public_html cv.xml
100.08.10 23:23 A F:\xslt\conditions.xml --> ftp.jenitennison.com /home/306/jeni/www.jenitennison.com/public_html conditions.xml
100.08.10 23:23 A F:\xslt\copying.html --> ftp.jenitennison.com /home/306/jeni/www.jenitennison.com/public_html copying.html
100.08.10 23:25 A F:\xslt\associating.html --> ftp.jenitennison.com /home/306/jeni/www.jenitennison.com/public_html/xslt associating.html
100.08.10 23:25 A F:\xslt\associating.xml --> ftp.jenitennison.com /home/306/jeni/www.jenitennison.com/public_html/xslt associating.xml
100.08.10 23:25 B F:\xslt\associating.xml.$$$ --> ftp.jenitennison.com /home/306/jeni/www.jenitennison.com/public_html/xslt associating.xml.$$$
100.08.10 23:25 B F:\xslt\associating.xml.old --> ftp.jenitennison.com /home/306/jeni/www.jenitennison.com/public_html/xslt associating.xml.old
100.08.10 23:25 B F:\xslt\associating.xml.old.$$$ --> ftp.jenitennison.com /home/306/jeni/www.jenitennison.com/public_html/xslt associating.xml.old.$$$
100.08.10 23:25 A F:\xslt\comparing-docs.html --> ftp.jenitennison.com /home/306/jeni/www.jenitennison.com/public_html/xslt comparing-docs.html
100.08.10 23:25 A F:\xslt\comparing-docs.xml --> ftp.jenitennison.com /home/306/jeni/www.jenitennison.com/public_html/xslt comparing-docs.xml
100.08.10 23:25 A F:\xslt\conditions.xml --> ftp.jenitennison.com /home/306/jeni/www.jenitennison.com/public_html/xslt conditions.xml
100.08.10 23:25 A F:\xslt\copying.html --> ftp.jenitennison.com /home/306/jeni/www.jenitennison.com/public_html/xslt copying.html
100.08.10 23:25 A F:\xslt\copying.xml --> ftp.jenitennison.com /home/306/jeni/www.jenitennison.com/public_html/xslt copying.xml
100.08.10 23:25 A F:\xslt\debugging.html --> ftp.jenitennison.com /home/306/jeni/www.jenitennison.com/public_html/xslt debugging.html
100.08.10 23:25 A F:\xslt\debugging.xml --> ftp.jenitennison.com /home/306/jeni/www.jenitennison.com/public_html/xslt debugging.xml
100.08.10 23:25 A F:\xslt\document.html --> ftp.jenitennison.com /home/306/jeni/www.jenitennison.com/public_html/xslt document.html
100.08.10 23:25 A F:\xslt\document.xml --> ftp.jenitennison.com /home/306/jeni/www.jenitennison.com/public_html/xslt document.xml
100.08.10 23:25 A F:\xslt\documentation.html --> ftp.jenitennison.com /home/306/jeni/www.jenitennison.com/public_html/xslt documentation.html
100.08.10 23:25 A F:\xslt\documentation.xml --> ftp.jenitennison.com /home/306/jeni/www.jenitennison.com/public_html/xslt documentation.xml
100.08.10 23:25 A F:\xslt\elements.html --> ftp.jenitennison.com /home/306/jeni/www.jenitennison.com/public_html/xslt elements.html
100.08.10 23:25 A F:\xslt\elements.xml --> ftp.jenitennison.com /home/306/jeni/www.jenitennison.com/public_html/xslt elements.xml
100.08.10 23:25 A F:\xslt\escaping.html --> ftp.jenitennison.com /home/306/jeni/www.jenitennison.com/public_html/xslt escaping.html
100.08.10 23:25 A F:\xslt\escaping.xml --> ftp.jenitennison.com /home/306/jeni/www.jenitennison.com/public_html/xslt escaping.xml
100.08.10 23:25 A F:\xslt\grouping.html --> ftp.jenitennison.com /home/306/jeni/www.jenitennison.com/public_html/xslt grouping.html
100.08.10 23:25 A F:\xslt\grouping.xml --> ftp.jenitennison.com /home/306/jeni/www.jenitennison.com/public_html/xslt grouping.xml
100.08.10 23:25 A F:\xslt\hierarchies-in.html --> ftp.jenitennison.com /home/306/jeni/www.jenitennison.com/public_html/xslt hierarchies-in.html
100.08.10 23:25 A F:\xslt\hierarchies-in.xml --> ftp.jenitennison.com /home/306/jeni/www.jenitennison.com/public_html/xslt hierarchies-in.xml
100.08.10 23:25 A F:\xslt\hierarchies-out.html --> ftp.jenitennison.com /home/306/jeni/www.jenitennison.com/public_html/xslt hierarchies-out.html
100.08.10 23:25 A F:\xslt\hierarchies-out.xml --> ftp.jenitennison.com /home/306/jeni/www.jenitennison.com/public_html/xslt hierarchies-out.xml
100.08.10 23:25 A F:\xslt\index.html --> ftp.jenitennison.com /home/306/jeni/www.jenitennison.com/public_html/xslt index.html
100.08.10 23:25 A F:\xslt\index.xml --> ftp.jenitennison.com /home/306/jeni/www.jenitennison.com/public_html/xslt index.xml
100.08.10 23:25 A F:\xslt\keys.html --> ftp.jenitennison.com /home/306/jeni/www.jenitennison.com/public_html/xslt keys.html
100.08.10 23:25 A F:\xslt\keys.xml --> ftp.jenitennison.com /home/306/jeni/www.jenitennison.com/public_html/xslt keys.xml
100.08.10 23:25 A F:\xslt\merging-docs.html --> ftp.jenitennison.com /home/306/jeni/www.jenitennison.com/public_html/xslt merging-docs.html
100.08.10 23:25 A F:\xslt\merging-docs.xml --> ftp.jenitennison.com /home/306/jeni/www.jenitennison.com/public_html/xslt merging-docs.xml
100.08.10 23:26 A F:\xslt\merging-XSLT.html --> ftp.jenitennison.com /home/306/jeni/www.jenitennison.com/public_html/xslt merging-XSLT.html
100.08.10 23:26 A F:\xslt\merging-XSLT.xml --> ftp.jenitennison.com /home/306/jeni/www.jenitennison.com/public_html/xslt merging-XSLT.xml
100.08.10 23:26 A F:\xslt\namespaces.html --> ftp.jenitennison.com /home/306/jeni/www.jenitennison.com/public_html/xslt namespaces.html
100.08.10 23:26 A F:\xslt\namespaces.xml --> ftp.jenitennison.com /home/306/jeni/www.jenitennison.com/public_html/xslt namespaces.xml
100.08.10 23:26 A F:\xslt\number.html --> ftp.jenitennison.com /home/306/jeni/www.jenitennison.com/public_html/xslt number.html
100.08.10 23:26 A F:\xslt\number.xml --> ftp.jenitennison.com /home/306/jeni/www.jenitennison.com/public_html/xslt number.xml
100.08.10 23:26 A F:\xslt\performance.html --> ftp.jenitennison.com /home/306/jeni/www.jenitennison.com/public_html/xslt performance.html
100.08.10 23:26 A F:\xslt\performance.xml --> ftp.jenitennison.com /home/306/jeni/www.jenitennison.com/public_html/xslt performance.xml
100.08.10 23:26 A F:\xslt\processing.html --> ftp.jenitennison.com /home/306/jeni/www.jenitennison.com/public_html/xslt processing.html
100.08.10 23:26 A F:\xslt\processing.old.html --> ftp.jenitennison.com /home/306/jeni/www.jenitennison.com/public_html/xslt processing.old.html
100.08.10 23:26 A F:\xslt\processing.old.xml --> ftp.jenitennison.com /home/306/jeni/www.jenitennison.com/public_html/xslt processing.old.xml
100.08.10 23:26 A F:\xslt\processing.xml --> ftp.jenitennison.com /home/306/jeni/www.jenitennison.com/public_html/xslt processing.xml
100.08.10 23:26 B F:\xslt\processing.xml.old --> ftp.jenitennison.com /home/306/jeni/www.jenitennison.com/public_html/xslt processing.xml.old
100.08.10 23:26 B F:\xslt\processing.xml.old.$$$ --> ftp.jenitennison.com /home/306/jeni/www.jenitennison.com/public_html/xslt processing.xml.old.$$$
100.08.10 23:26 A F:\xslt\simplification.html --> ftp.jenitennison.com /home/306/jeni/www.jenitennison.com/public_html/xslt simplification.html
100.08.10 23:26 A F:\xslt\simplification.xml --> ftp.jenitennison.com /home/306/jeni/www.jenitennison.com/public_html/xslt simplification.xml
100.08.10 23:26 A F:\xslt\sorting.html --> ftp.jenitennison.com /home/306/jeni/www.jenitennison.com/public_html/xslt sorting.html
100.08.10 23:26 A F:\xslt\sorting.xml --> ftp.jenitennison.com /home/306/jeni/www.jenitennison.com/public_html/xslt sorting.xml
100.08.10 23:26 A F:\xslt\strings.html --> ftp.jenitennison.com /home/306/jeni/www.jenitennison.com/public_html/xslt strings.html
100.08.10 23:26 A F:\xslt\strings.xml --> ftp.jenitennison.com /home/306/jeni/www.jenitennison.com/public_html/xslt strings.xml
100.08.10 23:26 A F:\xslt\unique.html --> ftp.jenitennison.com /home/306/jeni/www.jenitennison.com/public_html/xslt unique.html
100.08.10 23:26 A F:\xslt\unique.xml --> ftp.jenitennison.com /home/306/jeni/www.jenitennison.com/public_html/xslt unique.xml
100.08.10 23:26 A F:\xslt\variables.html --> ftp.jenitennison.com /home/306/jeni/www.jenitennison.com/public_html/xslt variables.html
100.08.10 23:26 A F:\xslt\variables.xml --> ftp.jenitennison.com /home/306/jeni/www.jenitennison.com/public_html/xslt variables.xml
100.08.10 23:26 B F:\xslt\WS_FTP.LOG --> ftp.jenitennison.com /home/306/jeni/www.jenitennison.com/public_html/xslt WS_FTP.LOG
100.08.10 23:26 A F:\xslt\xpath.html --> ftp.jenitennison.com /home/306/jeni/www.jenitennison.com/public_html/xslt xpath.html
100.08.10 23:26 A F:\xslt\xpath.xml --> ftp.jenitennison.com /home/306/jeni/www.jenitennison.com/public_html/xslt xpath.xml
100.08.11 01:07 A F:\xslt\associating.html --> www.jenitennison.com /home/306/jeni/www.jenitennison.com/public_html/xslt associating.html
100.08.11 01:07 A F:\xslt\comparing-docs.html --> www.jenitennison.com /home/306/jeni/www.jenitennison.com/public_html/xslt comparing-docs.html
100.08.11 01:07 A F:\xslt\conditions.html --> www.jenitennison.com /home/306/jeni/www.jenitennison.com/public_html/xslt conditions.html
100.08.11 01:07 A F:\xslt\copying.html --> www.jenitennison.com /home/306/jeni/www.jenitennison.com/public_html/xslt copying.html
100.08.11 01:07 A F:\xslt\debugging.html --> www.jenitennison.com /home/306/jeni/www.jenitennison.com/public_html/xslt debugging.html
100.08.11 01:07 A F:\xslt\document.html --> www.jenitennison.com /home/306/jeni/www.jenitennison.com/public_html/xslt document.html
100.08.11 01:07 A F:\xslt\documentation.html --> www.jenitennison.com /home/306/jeni/www.jenitennison.com/public_html/xslt documentation.html
100.08.11 01:07 A F:\xslt\elements.html --> www.jenitennison.com /home/306/jeni/www.jenitennison.com/public_html/xslt elements.html
100.08.11 01:07 A F:\xslt\escaping.html --> www.jenitennison.com /home/306/jeni/www.jenitennison.com/public_html/xslt escaping.html
100.08.11 01:07 A F:\xslt\grouping.html --> www.jenitennison.com /home/306/jeni/www.jenitennison.com/public_html/xslt grouping.html
100.08.11 01:07 A F:\xslt\hierarchies-in.html --> www.jenitennison.com /home/306/jeni/www.jenitennison.com/public_html/xslt hierarchies-in.html
100.08.11 01:07 A F:\xslt\hierarchies-out.html --> www.jenitennison.com /home/306/jeni/www.jenitennison.com/public_html/xslt hierarchies-out.html
100.08.11 01:07 A F:\xslt\index.html --> www.jenitennison.com /home/306/jeni/www.jenitennison.com/public_html/xslt index.html
100.08.11 01:07 A F:\xslt\keys.html --> www.jenitennison.com /home/306/jeni/www.jenitennison.com/public_html/xslt keys.html
100.08.11 01:07 A F:\xslt\merging-docs.html --> www.jenitennison.com /home/306/jeni/www.jenitennison.com/public_html/xslt merging-docs.html
100.08.11 01:07 A F:\xslt\merging-XSLT.html --> www.jenitennison.com /home/306/jeni/www.jenitennison.com/public_html/xslt merging-XSLT.html
100.08.11 01:07 A F:\xslt\namespaces.html --> www.jenitennison.com /home/306/jeni/www.jenitennison.com/public_html/xslt namespaces.html
100.08.11 01:07 A F:\xslt\number.html --> www.jenitennison.com /home/306/jeni/www.jenitennison.com/public_html/xslt number.html
100.08.11 01:07 A F:\xslt\performance.html --> www.jenitennison.com /home/306/jeni/www.jenitennison.com/public_html/xslt performance.html
100.08.11 01:07 A F:\xslt\processing.html --> www.jenitennison.com /home/306/jeni/www.jenitennison.com/public_html/xslt processing.html
100.08.11 01:07 A F:\xslt\simplification.html --> www.jenitennison.com /home/306/jeni/www.jenitennison.com/public_html/xslt simplification.html
100.08.11 01:07 A F:\xslt\sorting.html --> www.jenitennison.com /home/306/jeni/www.jenitennison.com/public_html/xslt sorting.html
100.08.11 01:07 A F:\xslt\strings.html --> www.jenitennison.com /home/306/jeni/www.jenitennison.com/public_html/xslt strings.html
100.08.11 01:07 A F:\xslt\unique.html --> www.jenitennison.com /home/306/jeni/www.jenitennison.com/public_html/xslt unique.html
100.08.11 01:07 A F:\xslt\variables.html --> www.jenitennison.com /home/306/jeni/www.jenitennison.com/public_html/xslt variables.html
100.08.11 01:08 A F:\xslt\xpath.html --> www.jenitennison.com /home/306/jeni/www.jenitennison.com/public_html/xslt xpath.html
100.08.11 20:34 A F:\xslt\associating.html --> www.jenitennison.com /home/306/jeni/www.jenitennison.com/public_html/xslt associating.html
100.08.11 20:34 A F:\xslt\associating.xml --> www.jenitennison.com /home/306/jeni/www.jenitennison.com/public_html/xslt associating.xml
100.08.11 20:34 A F:\xslt\comparing-docs.html --> www.jenitennison.com /home/306/jeni/www.jenitennison.com/public_html/xslt comparing-docs.html
100.08.11 20:34 A F:\xslt\comparing-docs.xml --> www.jenitennison.com /home/306/jeni/www.jenitennison.com/public_html/xslt comparing-docs.xml
100.08.11 20:34 A F:\xslt\conditions.html --> www.jenitennison.com /home/306/jeni/www.jenitennison.com/public_html/xslt conditions.html
100.08.11 20:34 A F:\xslt\conditions.xml --> www.jenitennison.com /home/306/jeni/www.jenitennison.com/public_html/xslt conditions.xml
100.08.11 20:34 A F:\xslt\copying.html --> www.jenitennison.com /home/306/jeni/www.jenitennison.com/public_html/xslt copying.html
100.08.11 20:34 A F:\xslt\copying.xml --> www.jenitennison.com /home/306/jeni/www.jenitennison.com/public_html/xslt copying.xml
100.08.11 20:34 A F:\xslt\debugging.html --> www.jenitennison.com /home/306/jeni/www.jenitennison.com/public_html/xslt debugging.html
100.08.11 20:35 A F:\xslt\debugging.xml --> www.jenitennison.com /home/306/jeni/www.jenitennison.com/public_html/xslt debugging.xml
100.08.11 20:35 A F:\xslt\document.html --> www.jenitennison.com /home/306/jeni/www.jenitennison.com/public_html/xslt document.html
100.08.11 20:35 A F:\xslt\document.xml --> www.jenitennison.com /home/306/jeni/www.jenitennison.com/public_html/xslt document.xml
100.08.11 20:35 A F:\xslt\documentation.html --> www.jenitennison.com /home/306/jeni/www.jenitennison.com/public_html/xslt documentation.html
100.08.11 20:35 A F:\xslt\documentation.xml --> www.jenitennison.com /home/306/jeni/www.jenitennison.com/public_html/xslt documentation.xml
100.08.11 20:35 A F:\xslt\elements.html --> www.jenitennison.com /home/306/jeni/www.jenitennison.com/public_html/xslt elements.html
100.08.11 20:35 A F:\xslt\elements.xml --> www.jenitennison.com /home/306/jeni/www.jenitennison.com/public_html/xslt elements.xml
100.08.11 20:35 A F:\xslt\escaping.html --> www.jenitennison.com /home/306/jeni/www.jenitennison.com/public_html/xslt escaping.html
100.08.11 20:35 A F:\xslt\escaping.xml --> www.jenitennison.com /home/306/jeni/www.jenitennison.com/public_html/xslt escaping.xml
100.08.11 20:35 A F:\xslt\grouping.html --> www.jenitennison.com /home/306/jeni/www.jenitennison.com/public_html/xslt grouping.html
100.08.11 20:35 A F:\xslt\grouping.xml --> www.jenitennison.com /home/306/jeni/www.jenitennison.com/public_html/xslt grouping.xml
100.08.11 20:35 A F:\xslt\hierarchies-in.html --> www.jenitennison.com /home/306/jeni/www.jenitennison.com/public_html/xslt hierarchies-in.html
100.08.11 20:35 A F:\xslt\hierarchies-in.xml --> www.jenitennison.com /home/306/jeni/www.jenitennison.com/public_html/xslt hierarchies-in.xml
100.08.11 20:35 A F:\xslt\hierarchies-out.html --> www.jenitennison.com /home/306/jeni/www.jenitennison.com/public_html/xslt hierarchies-out.html
100.08.11 20:35 A F:\xslt\hierarchies-out.xml --> www.jenitennison.com /home/306/jeni/www.jenitennison.com/public_html/xslt hierarchies-out.xml
100.08.11 20:35 A F:\xslt\index.html --> www.jenitennison.com /home/306/jeni/www.jenitennison.com/public_html/xslt index.html
100.08.11 20:35 A F:\xslt\index.xml --> www.jenitennison.com /home/306/jeni/www.jenitennison.com/public_html/xslt index.xml
100.08.11 20:35 A F:\xslt\keys.html --> www.jenitennison.com /home/306/jeni/www.jenitennison.com/public_html/xslt keys.html
100.08.11 20:35 A F:\xslt\keys.xml --> www.jenitennison.com /home/306/jeni/www.jenitennison.com/public_html/xslt keys.xml
100.08.11 20:35 A F:\xslt\merging-docs.html --> www.jenitennison.com /home/306/jeni/www.jenitennison.com/public_html/xslt merging-docs.html
100.08.11 20:35 A F:\xslt\merging-docs.xml --> www.jenitennison.com /home/306/jeni/www.jenitennison.com/public_html/xslt merging-docs.xml
100.08.11 20:35 A F:\xslt\merging-XSLT.html --> www.jenitennison.com /home/306/jeni/www.jenitennison.com/public_html/xslt merging-XSLT.html
100.08.11 20:35 A F:\xslt\merging-XSLT.xml --> www.jenitennison.com /home/306/jeni/www.jenitennison.com/public_html/xslt merging-XSLT.xml
100.08.11 20:35 A F:\xslt\namespaces.html --> www.jenitennison.com /home/306/jeni/www.jenitennison.com/public_html/xslt namespaces.html
100.08.11 20:35 A F:\xslt\namespaces.xml --> www.jenitennison.com /home/306/jeni/www.jenitennison.com/public_html/xslt namespaces.xml
100.08.11 20:35 A F:\xslt\number.html --> www.jenitennison.com /home/306/jeni/www.jenitennison.com/public_html/xslt number.html
100.08.11 20:35 A F:\xslt\number.xml --> www.jenitennison.com /home/306/jeni/www.jenitennison.com/public_html/xslt number.xml
100.08.11 20:35 A F:\xslt\performance.html --> www.jenitennison.com /home/306/jeni/www.jenitennison.com/public_html/xslt performance.html
100.08.11 20:35 A F:\xslt\performance.xml --> www.jenitennison.com /home/306/jeni/www.jenitennison.com/public_html/xslt performance.xml
100.08.11 20:35 A F:\xslt\processing.html --> www.jenitennison.com /home/306/jeni/www.jenitennison.com/public_html/xslt processing.html
100.08.11 20:35 A F:\xslt\processing.old.html --> www.jenitennison.com /home/306/jeni/www.jenitennison.com/public_html/xslt processing.old.html
100.08.11 20:36 A F:\xslt\processing.old.xml --> www.jenitennison.com /home/306/jeni/www.jenitennison.com/public_html/xslt processing.old.xml
100.08.11 20:36 A F:\xslt\processing.xml --> www.jenitennison.com /home/306/jeni/www.jenitennison.com/public_html/xslt processing.xml
100.08.11 20:36 A F:\xslt\simplification.html --> www.jenitennison.com /home/306/jeni/www.jenitennison.com/public_html/xslt simplification.html
100.08.11 20:36 A F:\xslt\simplification.xml --> www.jenitennison.com /home/306/jeni/www.jenitennison.com/public_html/xslt simplification.xml
100.08.11 20:36 A F:\xslt\sorting.html --> www.jenitennison.com /home/306/jeni/www.jenitennison.com/public_html/xslt sorting.html
100.08.11 20:36 A F:\xslt\sorting.xml --> www.jenitennison.com /home/306/jeni/www.jenitennison.com/public_html/xslt sorting.xml
100.08.11 20:36 A F:\xslt\strings.html --> www.jenitennison.com /home/306/jeni/www.jenitennison.com/public_html/xslt strings.html
100.08.11 20:36 A F:\xslt\strings.xml --> www.jenitennison.com /home/306/jeni/www.jenitennison.com/public_html/xslt strings.xml
100.08.11 20:36 A F:\xslt\temp.txt --> www.jenitennison.com /home/306/jeni/www.jenitennison.com/public_html/xslt temp.txt
100.08.11 20:36 A F:\xslt\unique.html --> www.jenitennison.com /home/306/jeni/www.jenitennison.com/public_html/xslt unique.html
100.08.11 20:36 A F:\xslt\unique.xml --> www.jenitennison.com /home/306/jeni/www.jenitennison.com/public_html/xslt unique.xml
100.08.11 20:36 A F:\xslt\variables.html --> www.jenitennison.com /home/306/jeni/www.jenitennison.com/public_html/xslt variables.html
100.08.11 20:36 A F:\xslt\variables.xml --> www.jenitennison.com /home/306/jeni/www.jenitennison.com/public_html/xslt variables.xml
100.08.11 20:36 B F:\xslt\WS_FTP.LOG --> www.jenitennison.com /home/306/jeni/www.jenitennison.com/public_html/xslt WS_FTP.LOG
100.08.11 20:36 A F:\xslt\xpath.html --> www.jenitennison.com /home/306/jeni/www.jenitennison.com/public_html/xslt xpath.html
100.08.11 20:36 A F:\xslt\xpath.xml --> www.jenitennison.com /home/306/jeni/www.jenitennison.com/public_html/xslt xpath.xml
100.08.19 19:52 A F:\xslt\associating.html --> www.jenitennison.com /www.jenitennison.com/public_html/xslt associating.html
100.08.19 19:52 A F:\xslt\associating.xml --> www.jenitennison.com /www.jenitennison.com/public_html/xslt associating.xml
100.08.19 19:52 A F:\xslt\comparing-docs.html --> www.jenitennison.com /www.jenitennison.com/public_html/xslt comparing-docs.html
100.08.19 19:52 A F:\xslt\comparing-docs.xml --> www.jenitennison.com /www.jenitennison.com/public_html/xslt comparing-docs.xml
100.08.19 19:52 A F:\xslt\conditions.html --> www.jenitennison.com /www.jenitennison.com/public_html/xslt conditions.html
100.08.19 19:52 A F:\xslt\conditions.xml --> www.jenitennison.com /www.jenitennison.com/public_html/xslt conditions.xml
100.08.19 19:52 A F:\xslt\copying.html --> www.jenitennison.com /www.jenitennison.com/public_html/xslt copying.html
100.08.19 19:52 A F:\xslt\copying.xml --> www.jenitennison.com /www.jenitennison.com/public_html/xslt copying.xml
100.08.19 19:53 A F:\xslt\debugging.html --> www.jenitennison.com /www.jenitennison.com/public_html/xslt debugging.html
100.08.19 19:53 A F:\xslt\debugging.xml --> www.jenitennison.com /www.jenitennison.com/public_html/xslt debugging.xml
100.08.19 19:53 A F:\xslt\document.html --> www.jenitennison.com /www.jenitennison.com/public_html/xslt document.html
100.08.19 19:53 A F:\xslt\document.xml --> www.jenitennison.com /www.jenitennison.com/public_html/xslt document.xml
100.08.19 19:53 A F:\xslt\documentation.html --> www.jenitennison.com /www.jenitennison.com/public_html/xslt documentation.html
100.08.19 19:53 A F:\xslt\documentation.xml --> www.jenitennison.com /www.jenitennison.com/public_html/xslt documentation.xml
100.08.19 19:53 A F:\xslt\elements.html --> www.jenitennison.com /www.jenitennison.com/public_html/xslt elements.html
100.08.19 19:53 A F:\xslt\elements.xml --> www.jenitennison.com /www.jenitennison.com/public_html/xslt elements.xml
100.08.19 19:53 A F:\xslt\escaping.html --> www.jenitennison.com /www.jenitennison.com/public_html/xslt escaping.html
100.08.19 19:53 A F:\xslt\escaping.xml --> www.jenitennison.com /www.jenitennison.com/public_html/xslt escaping.xml
100.08.19 19:53 A F:\xslt\hierarchies-in.html --> www.jenitennison.com /www.jenitennison.com/public_html/xslt hierarchies-in.html
100.08.19 19:53 A F:\xslt\hierarchies-in.xml --> www.jenitennison.com /www.jenitennison.com/public_html/xslt hierarchies-in.xml
100.08.19 19:53 A F:\xslt\hierarchies-out.html --> www.jenitennison.com /www.jenitennison.com/public_html/xslt hierarchies-out.html
100.08.19 19:53 A F:\xslt\hierarchies-out.xml --> www.jenitennison.com /www.jenitennison.com/public_html/xslt hierarchies-out.xml
100.08.19 19:53 A F:\xslt\index.html --> www.jenitennison.com /www.jenitennison.com/public_html/xslt index.html
100.08.19 19:53 A F:\xslt\index.xml --> www.jenitennison.com /www.jenitennison.com/public_html/xslt index.xml
100.08.19 19:53 A F:\xslt\keys.html --> www.jenitennison.com /www.jenitennison.com/public_html/xslt keys.html
100.08.19 19:53 A F:\xslt\keys.xml --> www.jenitennison.com /www.jenitennison.com/public_html/xslt keys.xml
100.08.19 19:53 A F:\xslt\merging-docs.html --> www.jenitennison.com /www.jenitennison.com/public_html/xslt merging-docs.html
100.08.19 19:53 A F:\xslt\merging-docs.xml --> www.jenitennison.com /www.jenitennison.com/public_html/xslt merging-docs.xml
100.08.19 19:53 A F:\xslt\merging-XSLT.html --> www.jenitennison.com /www.jenitennison.com/public_html/xslt merging-XSLT.html
100.08.19 19:53 A F:\xslt\merging-XSLT.xml --> www.jenitennison.com /www.jenitennison.com/public_html/xslt merging-XSLT.xml
100.08.19 19:53 A F:\xslt\namespaces.html --> www.jenitennison.com /www.jenitennison.com/public_html/xslt namespaces.html
100.08.19 19:53 A F:\xslt\namespaces.xml --> www.jenitennison.com /www.jenitennison.com/public_html/xslt namespaces.xml
100.08.19 19:53 A F:\xslt\number.html --> www.jenitennison.com /www.jenitennison.com/public_html/xslt number.html
100.08.19 19:53 A F:\xslt\number.xml --> www.jenitennison.com /www.jenitennison.com/public_html/xslt number.xml
100.08.19 19:53 A F:\xslt\performance.html --> www.jenitennison.com /www.jenitennison.com/public_html/xslt performance.html
100.08.19 19:53 A F:\xslt\performance.xml --> www.jenitennison.com /www.jenitennison.com/public_html/xslt performance.xml
100.08.19 19:53 A F:\xslt\processing.html --> www.jenitennison.com /www.jenitennison.com/public_html/xslt processing.html
100.08.19 19:53 A F:\xslt\processing.xml --> www.jenitennison.com /www.jenitennison.com/public_html/xslt processing.xml
100.08.19 19:53 A F:\xslt\simplification.html --> www.jenitennison.com /www.jenitennison.com/public_html/xslt simplification.html
100.08.19 19:53 A F:\xslt\simplification.xml --> www.jenitennison.com /www.jenitennison.com/public_html/xslt simplification.xml
100.08.19 19:53 A F:\xslt\sorting.html --> www.jenitennison.com /www.jenitennison.com/public_html/xslt sorting.html
100.08.19 19:53 A F:\xslt\sorting.xml --> www.jenitennison.com /www.jenitennison.com/public_html/xslt sorting.xml
100.08.19 19:53 A F:\xslt\strings.html --> www.jenitennison.com /www.jenitennison.com/public_html/xslt strings.html
100.08.19 19:53 A F:\xslt\strings.xml --> www.jenitennison.com /www.jenitennison.com/public_html/xslt strings.xml
100.08.19 19:53 A F:\xslt\unique.html --> www.jenitennison.com /www.jenitennison.com/public_html/xslt unique.html
100.08.19 19:53 A F:\xslt\unique.xml --> www.jenitennison.com /www.jenitennison.com/public_html/xslt unique.xml
100.08.19 19:53 A F:\xslt\variables.html --> www.jenitennison.com /www.jenitennison.com/public_html/xslt variables.html
100.08.19 19:53 A F:\xslt\variables.xml --> www.jenitennison.com /www.jenitennison.com/public_html/xslt variables.xml
100.08.19 19:53 A F:\xslt\xpath.html --> www.jenitennison.com /www.jenitennison.com/public_html/xslt xpath.html
100.08.19 19:53 A F:\xslt\xpath.xml --> www.jenitennison.com /www.jenitennison.com/public_html/xslt xpath.xml
100.11.02 18:46 A F:\xslt\associating.html --> www.jenitennison.com /www.jenitennison.com/public_html/xslt associating.html
100.11.02 18:46 A F:\xslt\associating.xml --> www.jenitennison.com /www.jenitennison.com/public_html/xslt associating.xml
100.11.02 18:46 A F:\xslt\comparing-docs.html --> www.jenitennison.com /www.jenitennison.com/public_html/xslt comparing-docs.html
100.11.02 18:46 A F:\xslt\comparing-docs.xml --> www.jenitennison.com /www.jenitennison.com/public_html/xslt comparing-docs.xml
100.11.02 18:46 A F:\xslt\conditions.html --> www.jenitennison.com /www.jenitennison.com/public_html/xslt conditions.html
100.11.02 18:46 A F:\xslt\conditions.xml --> www.jenitennison.com /www.jenitennison.com/public_html/xslt conditions.xml
100.11.02 18:46 A F:\xslt\copying.html --> www.jenitennison.com /www.jenitennison.com/public_html/xslt copying.html
100.11.02 18:46 A F:\xslt\copying.xml --> www.jenitennison.com /www.jenitennison.com/public_html/xslt copying.xml
100.11.02 18:46 A F:\xslt\debugging.html --> www.jenitennison.com /www.jenitennison.com/public_html/xslt debugging.html
100.11.02 18:46 A F:\xslt\debugging.xml --> www.jenitennison.com /www.jenitennison.com/public_html/xslt debugging.xml
100.11.02 18:46 A F:\xslt\document.html --> www.jenitennison.com /www.jenitennison.com/public_html/xslt document.html
100.11.02 18:46 A F:\xslt\document.xml --> www.jenitennison.com /www.jenitennison.com/public_html/xslt document.xml
100.11.02 18:46 A F:\xslt\documentation.html --> www.jenitennison.com /www.jenitennison.com/public_html/xslt documentation.html
100.11.02 18:46 A F:\xslt\documentation.xml --> www.jenitennison.com /www.jenitennison.com/public_html/xslt documentation.xml
100.11.02 18:46 A F:\xslt\elements.html --> www.jenitennison.com /www.jenitennison.com/public_html/xslt elements.html
100.11.02 18:46 A F:\xslt\elements.xml --> www.jenitennison.com /www.jenitennison.com/public_html/xslt elements.xml
100.11.02 18:46 A F:\xslt\escaping.html --> www.jenitennison.com /www.jenitennison.com/public_html/xslt escaping.html
100.11.02 18:46 A F:\xslt\escaping.xml --> www.jenitennison.com /www.jenitennison.com/public_html/xslt escaping.xml
100.11.02 18:46 A F:\xslt\grouping.html --> www.jenitennison.com /www.jenitennison.com/public_html/xslt grouping.html
100.11.02 18:46 A F:\xslt\grouping.xml --> www.jenitennison.com /www.jenitennison.com/public_html/xslt grouping.xml
100.11.02 18:46 A F:\xslt\hierarchies-in.html --> www.jenitennison.com /www.jenitennison.com/public_html/xslt hierarchies-in.html
100.11.02 18:46 A F:\xslt\hierarchies-in.xml --> www.jenitennison.com /www.jenitennison.com/public_html/xslt hierarchies-in.xml
100.11.02 18:46 A F:\xslt\hierarchies-out.html --> www.jenitennison.com /www.jenitennison.com/public_html/xslt hierarchies-out.html
100.11.02 18:46 A F:\xslt\hierarchies-out.xml --> www.jenitennison.com /www.jenitennison.com/public_html/xslt hierarchies-out.xml
100.11.02 18:46 A F:\xslt\index.html --> www.jenitennison.com /www.jenitennison.com/public_html/xslt index.html
100.11.02 18:46 A F:\xslt\index.xml --> www.jenitennison.com /www.jenitennison.com/public_html/xslt index.xml
100.11.02 18:47 A F:\xslt\keys.html --> www.jenitennison.com /www.jenitennison.com/public_html/xslt keys.html
100.11.02 18:47 A F:\xslt\keys.xml --> www.jenitennison.com /www.jenitennison.com/public_html/xslt keys.xml
100.11.02 18:47 A F:\xslt\merging-docs.html --> www.jenitennison.com /www.jenitennison.com/public_html/xslt merging-docs.html
100.11.02 18:47 A F:\xslt\merging-docs.xml --> www.jenitennison.com /www.jenitennison.com/public_html/xslt merging-docs.xml
100.11.02 18:47 A F:\xslt\merging-XSLT.html --> www.jenitennison.com /www.jenitennison.com/public_html/xslt merging-XSLT.html
100.11.02 18:47 A F:\xslt\merging-XSLT.xml --> www.jenitennison.com /www.jenitennison.com/public_html/xslt merging-XSLT.xml
100.11.02 18:47 A F:\xslt\namespaces.html --> www.jenitennison.com /www.jenitennison.com/public_html/xslt namespaces.html
100.11.02 18:47 A F:\xslt\namespaces.xml --> www.jenitennison.com /www.jenitennison.com/public_html/xslt namespaces.xml
100.11.02 18:47 A F:\xslt\number.html --> www.jenitennison.com /www.jenitennison.com/public_html/xslt number.html
100.11.02 18:47 A F:\xslt\number.xml --> www.jenitennison.com /www.jenitennison.com/public_html/xslt number.xml
100.11.02 18:47 A F:\xslt\performance.html --> www.jenitennison.com /www.jenitennison.com/public_html/xslt performance.html
100.11.02 18:47 A F:\xslt\performance.xml --> www.jenitennison.com /www.jenitennison.com/public_html/xslt performance.xml
100.11.02 18:47 A F:\xslt\processing.html --> www.jenitennison.com /www.jenitennison.com/public_html/xslt processing.html
100.11.02 18:47 A F:\xslt\processing.old.html --> www.jenitennison.com /www.jenitennison.com/public_html/xslt processing.old.html
100.11.02 18:47 A F:\xslt\processing.old.xml --> www.jenitennison.com /www.jenitennison.com/public_html/xslt processing.old.xml
100.11.02 18:47 A F:\xslt\processing.xml --> www.jenitennison.com /www.jenitennison.com/public_html/xslt processing.xml
100.11.02 18:47 A F:\xslt\simplification.html --> www.jenitennison.com /www.jenitennison.com/public_html/xslt simplification.html
100.11.02 18:47 A F:\xslt\simplification.xml --> www.jenitennison.com /www.jenitennison.com/public_html/xslt simplification.xml
100.11.02 18:47 A F:\xslt\sorting.html --> www.jenitennison.com /www.jenitennison.com/public_html/xslt sorting.html
100.11.02 18:47 A F:\xslt\sorting.xml --> www.jenitennison.com /www.jenitennison.com/public_html/xslt sorting.xml
100.11.02 18:47 A F:\xslt\strings.html --> www.jenitennison.com /www.jenitennison.com/public_html/xslt strings.html
100.11.02 18:47 A F:\xslt\strings.xml --> www.jenitennison.com /www.jenitennison.com/public_html/xslt strings.xml
100.11.02 18:47 A F:\xslt\temp.txt --> www.jenitennison.com /www.jenitennison.com/public_html/xslt temp.txt
100.11.02 18:47 A F:\xslt\unique.html --> www.jenitennison.com /www.jenitennison.com/public_html/xslt unique.html
100.11.02 18:47 A F:\xslt\unique.xml --> www.jenitennison.com /www.jenitennison.com/public_html/xslt unique.xml
100.11.02 18:47 A F:\xslt\variables.html --> www.jenitennison.com /www.jenitennison.com/public_html/xslt variables.html
100.11.02 18:47 A F:\xslt\variables.xml --> www.jenitennison.com /www.jenitennison.com/public_html/xslt variables.xml
100.11.02 18:47 B F:\xslt\WS_FTP.LOG --> www.jenitennison.com /www.jenitennison.com/public_html/xslt WS_FTP.LOG
100.11.02 18:47 A F:\xslt\xpath.html --> www.jenitennison.com /www.jenitennison.com/public_html/xslt xpath.html
100.11.02 18:47 A F:\xslt\xpath.xml --> www.jenitennison.com /www.jenitennison.com/public_html/xslt xpath.xml
100.11.02 18:59 A F:\xslt\associating.html --> www.jenitennison.com /www.jenitennison.com/public_html/xslt associating.html
100.11.02 18:59 A F:\xslt\associating.xml --> www.jenitennison.com /www.jenitennison.com/public_html/xslt associating.xml
100.11.02 18:59 A F:\xslt\comparing-docs.html --> www.jenitennison.com /www.jenitennison.com/public_html/xslt comparing-docs.html
100.11.02 18:59 A F:\xslt\comparing-docs.xml --> www.jenitennison.com /www.jenitennison.com/public_html/xslt comparing-docs.xml
100.11.02 18:59 A F:\xslt\conditions.html --> www.jenitennison.com /www.jenitennison.com/public_html/xslt conditions.html
100.11.02 18:59 A F:\xslt\conditions.xml --> www.jenitennison.com /www.jenitennison.com/public_html/xslt conditions.xml
100.11.02 18:59 A F:\xslt\copying.html --> www.jenitennison.com /www.jenitennison.com/public_html/xslt copying.html
100.11.02 18:59 A F:\xslt\copying.xml --> www.jenitennison.com /www.jenitennison.com/public_html/xslt copying.xml
100.11.02 18:59 A F:\xslt\debugging.html --> www.jenitennison.com /www.jenitennison.com/public_html/xslt debugging.html
100.11.02 18:59 A F:\xslt\debugging.xml --> www.jenitennison.com /www.jenitennison.com/public_html/xslt debugging.xml
100.11.02 18:59 A F:\xslt\document.html --> www.jenitennison.com /www.jenitennison.com/public_html/xslt document.html
100.11.02 18:59 A F:\xslt\document.xml --> www.jenitennison.com /www.jenitennison.com/public_html/xslt document.xml
100.11.02 18:59 A F:\xslt\documentation.html --> www.jenitennison.com /www.jenitennison.com/public_html/xslt documentation.html
100.11.02 18:59 A F:\xslt\documentation.xml --> www.jenitennison.com /www.jenitennison.com/public_html/xslt documentation.xml
100.11.02 18:59 A F:\xslt\elements.html --> www.jenitennison.com /www.jenitennison.com/public_html/xslt elements.html
100.11.02 18:59 A F:\xslt\elements.xml --> www.jenitennison.com /www.jenitennison.com/public_html/xslt elements.xml
100.11.02 18:59 A F:\xslt\escaping.html --> www.jenitennison.com /www.jenitennison.com/public_html/xslt escaping.html
100.11.02 18:59 A F:\xslt\escaping.xml --> www.jenitennison.com /www.jenitennison.com/public_html/xslt escaping.xml
100.11.02 18:59 A F:\xslt\grouping.html --> www.jenitennison.com /www.jenitennison.com/public_html/xslt grouping.html
100.11.02 18:59 A F:\xslt\grouping.xml --> www.jenitennison.com /www.jenitennison.com/public_html/xslt grouping.xml
100.11.02 18:59 A F:\xslt\hierarchies-in.html --> www.jenitennison.com /www.jenitennison.com/public_html/xslt hierarchies-in.html
100.11.02 18:59 A F:\xslt\hierarchies-in.xml --> www.jenitennison.com /www.jenitennison.com/public_html/xslt hierarchies-in.xml
100.11.02 18:59 A F:\xslt\hierarchies-out.html --> www.jenitennison.com /www.jenitennison.com/public_html/xslt hierarchies-out.html
100.11.02 18:59 A F:\xslt\hierarchies-out.xml --> www.jenitennison.com /www.jenitennison.com/public_html/xslt hierarchies-out.xml
100.11.02 19:00 A F:\xslt\index.html --> www.jenitennison.com /www.jenitennison.com/public_html/xslt index.html
100.11.02 19:00 A F:\xslt\index.xml --> www.jenitennison.com /www.jenitennison.com/public_html/xslt index.xml
100.11.02 19:00 A F:\xslt\keys.html --> www.jenitennison.com /www.jenitennison.com/public_html/xslt keys.html
100.11.02 19:00 A F:\xslt\keys.xml --> www.jenitennison.com /www.jenitennison.com/public_html/xslt keys.xml
100.11.02 19:00 A F:\xslt\merging-docs.html --> www.jenitennison.com /www.jenitennison.com/public_html/xslt merging-docs.html
100.11.02 19:00 A F:\xslt\merging-docs.xml --> www.jenitennison.com /www.jenitennison.com/public_html/xslt merging-docs.xml
100.11.02 19:00 A F:\xslt\merging-XSLT.html --> www.jenitennison.com /www.jenitennison.com/public_html/xslt merging-XSLT.html
100.11.02 19:00 A F:\xslt\merging-XSLT.xml --> www.jenitennison.com /www.jenitennison.com/public_html/xslt merging-XSLT.xml
100.11.02 19:00 A F:\xslt\namespaces.html --> www.jenitennison.com /www.jenitennison.com/public_html/xslt namespaces.html
100.11.02 19:00 A F:\xslt\namespaces.xml --> www.jenitennison.com /www.jenitennison.com/public_html/xslt namespaces.xml
100.11.02 19:00 A F:\xslt\number.html --> www.jenitennison.com /www.jenitennison.com/public_html/xslt number.html
100.11.02 19:00 A F:\xslt\number.xml --> www.jenitennison.com /www.jenitennison.com/public_html/xslt number.xml
100.11.02 19:00 A F:\xslt\performance.html --> www.jenitennison.com /www.jenitennison.com/public_html/xslt performance.html
100.11.02 19:00 A F:\xslt\performance.xml --> www.jenitennison.com /www.jenitennison.com/public_html/xslt performance.xml
100.11.02 19:00 A F:\xslt\processing.html --> www.jenitennison.com /www.jenitennison.com/public_html/xslt processing.html
100.11.02 19:00 A F:\xslt\processing.old.html --> www.jenitennison.com /www.jenitennison.com/public_html/xslt processing.old.html
100.11.02 19:00 A F:\xslt\processing.old.xml --> www.jenitennison.com /www.jenitennison.com/public_html/xslt processing.old.xml
100.11.02 19:00 A F:\xslt\processing.xml --> www.jenitennison.com /www.jenitennison.com/public_html/xslt processing.xml
100.11.02 19:00 A F:\xslt\simplification.html --> www.jenitennison.com /www.jenitennison.com/public_html/xslt simplification.html
100.11.02 19:00 A F:\xslt\simplification.xml --> www.jenitennison.com /www.jenitennison.com/public_html/xslt simplification.xml
100.11.02 19:00 A F:\xslt\sorting.html --> www.jenitennison.com /www.jenitennison.com/public_html/xslt sorting.html
100.11.02 19:00 A F:\xslt\sorting.xml --> www.jenitennison.com /www.jenitennison.com/public_html/xslt sorting.xml
100.11.02 19:00 A F:\xslt\strings.html --> www.jenitennison.com /www.jenitennison.com/public_html/xslt strings.html
100.11.02 19:01 A F:\xslt\strings.xml --> www.jenitennison.com /www.jenitennison.com/public_html/xslt strings.xml
100.11.02 19:01 A F:\xslt\temp.txt --> www.jenitennison.com /www.jenitennison.com/public_html/xslt temp.txt
100.11.02 19:01 A F:\xslt\unique.html --> www.jenitennison.com /www.jenitennison.com/public_html/xslt unique.html
100.11.02 19:01 A F:\xslt\unique.xml --> www.jenitennison.com /www.jenitennison.com/public_html/xslt unique.xml
100.11.02 19:01 A F:\xslt\variables.html --> www.jenitennison.com /www.jenitennison.com/public_html/xslt variables.html
100.11.02 19:01 A F:\xslt\variables.xml --> www.jenitennison.com /www.jenitennison.com/public_html/xslt variables.xml
